TN:
SF:./public/js/bank.js
FNF:0
FNH:0
DA:1,1
LF:1
LH:1
BRF:0
BRH:0
end_of_record
TN:
SF:./public/js/lizardKingController.js
FN:3,(anonymous_1)
FN:7,(anonymous_2)
FN:12,(anonymous_3)
FN:21,(anonymous_4)
FN:26,(anonymous_5)
FN:31,(anonymous_6)
FN:35,(anonymous_7)
FN:39,(anonymous_8)
FN:44,(anonymous_9)
FNF:9
FNH:7
FNDA:5,(anonymous_1)
FNDA:12,(anonymous_2)
FNDA:6,(anonymous_3)
FNDA:6,(anonymous_4)
FNDA:6,(anonymous_5)
FNDA:3,(anonymous_6)
FNDA:2,(anonymous_7)
FNDA:0,(anonymous_8)
FNDA:0,(anonymous_9)
DA:1,1
DA:3,1
DA:5,5
DA:7,5
DA:8,12
DA:9,12
DA:12,5
DA:13,6
DA:14,6
DA:16,6
DA:17,0
DA:21,5
DA:22,6
DA:23,6
DA:26,5
DA:27,6
DA:28,6
DA:31,5
DA:32,3
DA:35,5
DA:36,2
DA:39,5
DA:40,0
DA:41,0
DA:44,5
DA:45,0
DA:46,0
DA:49,5
LF:28
LH:23
BRDA:16,1,0,0
BRDA:16,1,1,6
BRF:2
BRH:1
end_of_record
